     1 00000000                                 [FORMAT "WCOFF"]
     2 00000000                                 [INSTRSET "i486p"]
     3 00000000                                 [OPTIMIZE 1]
     4 00000000                                 [OPTION 1]
     5 00000000                                 [BITS 32]
     6 00000000                                 	EXTERN	_sprintf
     7 00000000                                 	EXTERN	_io_hlt
     8 00000000                                 	EXTERN	_io_load_eflags
     9 00000000                                 	EXTERN	_io_cli
    10 00000000                                 	EXTERN	_io_out8
    11 00000000                                 	EXTERN	_io_store_eflags
    12 00000000                                 	EXTERN	_fonts
    13 00000000                                 [FILE "bootpack.c"]
    14                                          [SECTION .data]
    15 00000000                                 LC0:
    16 00000000 4B 61 6C 69 6E 6F 74 65 4F 53   	DB	"KalinoteOS",0x00
       0000000A 00 
    17 0000000B                                 LC1:
    18 0000000B 73 63 72 6E 78 20 3D 20 25 64   	DB	"scrnx = %d",0x00
       00000015 00 
    19                                          [SECTION .text]
    20 00000000                                 	GLOBAL	_KaliMain
    21 00000000                                 _KaliMain:
    22 00000000 55                              	PUSH	EBP
    23 00000001 89 E5                           	MOV	EBP,ESP
    24 00000003 53                              	PUSH	EBX
    25 00000004 81 EC 00000134                  	SUB	ESP,308
    26 0000000A 8D 9D FFFFFECC                  	LEA	EBX,DWORD [-308+EBP]
    27 00000010 E8 000000E6                     	CALL	_init_palette
    28 00000015 0F BF 05 00000FF6               	MOVSX	EAX,WORD [4086]
    29 0000001C 50                              	PUSH	EAX
    30 0000001D 0F BF 05 00000FF4               	MOVSX	EAX,WORD [4084]
    31 00000024 50                              	PUSH	EAX
    32 00000025 FF 35 00000FF8                  	PUSH	DWORD [4088]
    33 0000002B E8 000001B7                     	CALL	_init_screen
    34 00000030 6A 0E                           	PUSH	14
    35 00000032 53                              	PUSH	EBX
    36 00000033 E8 000002A4                     	CALL	_init_mouse_cursor8
    37 00000038 B9 00000002                     	MOV	ECX,2
    38 0000003D 6A 10                           	PUSH	16
    39 0000003F 53                              	PUSH	EBX
    40 00000040 8D 5D CC                        	LEA	EBX,DWORD [-52+EBP]
    41 00000043 0F BF 05 00000FF6               	MOVSX	EAX,WORD [4086]
    42 0000004A 83 E8 2C                        	SUB	EAX,44
    43 0000004D 99                              	CDQ
    44 0000004E F7 F9                           	IDIV	ECX
    45 00000050 50                              	PUSH	EAX
    46 00000051 0F BF 05 00000FF4               	MOVSX	EAX,WORD [4084]
    47 00000058 83 E8 10                        	SUB	EAX,16
    48 0000005B 99                              	CDQ
    49 0000005C F7 F9                           	IDIV	ECX
    50 0000005E 50                              	PUSH	EAX
    51 0000005F 6A 10                           	PUSH	16
    52 00000061 6A 10                           	PUSH	16
    53 00000063 0F BF 05 00000FF4               	MOVSX	EAX,WORD [4084]
    54 0000006A 50                              	PUSH	EAX
    55 0000006B FF 35 00000FF8                  	PUSH	DWORD [4088]
    56 00000071 E8 000002C3                     	CALL	_putblock8_8
    57 00000076 83 C4 34                        	ADD	ESP,52
    58 00000079 68 [00000000]                   	PUSH	LC0
    59 0000007E 6A 09                           	PUSH	9
    60 00000080 68 000000B5                     	PUSH	181
    61 00000085 68 000000EC                     	PUSH	236
    62 0000008A 0F BF 05 00000FF4               	MOVSX	EAX,WORD [4084]
    63 00000091 50                              	PUSH	EAX
    64 00000092 FF 35 00000FF8                  	PUSH	DWORD [4088]
    65 00000098 E8 000001F0                     	CALL	_putfonts8_asc
    66 0000009D 68 [00000000]                   	PUSH	LC0
    67 000000A2 6A 01                           	PUSH	1
    68 000000A4 68 000000B4                     	PUSH	180
    69 000000A9 68 000000EB                     	PUSH	235
    70 000000AE 0F BF 05 00000FF4               	MOVSX	EAX,WORD [4084]
    71 000000B5 50                              	PUSH	EAX
    72 000000B6 FF 35 00000FF8                  	PUSH	DWORD [4088]
    73 000000BC E8 000001CC                     	CALL	_putfonts8_asc
    74 000000C1 83 C4 30                        	ADD	ESP,48
    75 000000C4 0F BF 05 00000FF4               	MOVSX	EAX,WORD [4084]
    76 000000CB 50                              	PUSH	EAX
    77 000000CC 68 [0000000B]                   	PUSH	LC1
    78 000000D1 53                              	PUSH	EBX
    79 000000D2 E8 [00000000]                   	CALL	_sprintf
    80 000000D7 53                              	PUSH	EBX
    81 000000D8 6A 07                           	PUSH	7
    82 000000DA 6A 40                           	PUSH	64
    83 000000DC 6A 10                           	PUSH	16
    84 000000DE 0F BF 05 00000FF4               	MOVSX	EAX,WORD [4084]
    85 000000E5 50                              	PUSH	EAX
    86 000000E6 FF 35 00000FF8                  	PUSH	DWORD [4088]
    87 000000EC E8 0000019C                     	CALL	_putfonts8_asc
    88 000000F1 83 C4 24                        	ADD	ESP,36
    89 000000F4                                 L2:
    90 000000F4 E8 [00000000]                   	CALL	_io_hlt
    91 000000F9 EB F9                           	JMP	L2
    92                                          [SECTION .data]
    93 00000016                                 _table_rgb.0:
    94 00000016 00                              	DB	0
    95 00000017 00                              	DB	0
    96 00000018 00                              	DB	0
    97 00000019 FF                              	DB	-1
    98 0000001A 00                              	DB	0
    99 0000001B 00                              	DB	0
   100 0000001C 00                              	DB	0
   101 0000001D FF                              	DB	-1
   102 0000001E 00                              	DB	0
   103 0000001F FF                              	DB	-1
   104 00000020 FF                              	DB	-1
   105 00000021 00                              	DB	0
   106 00000022 00                              	DB	0
   107 00000023 00                              	DB	0
   108 00000024 FF                              	DB	-1
   109 00000025 FF                              	DB	-1
   110 00000026 00                              	DB	0
   111 00000027 FF                              	DB	-1
   112 00000028 00                              	DB	0
   113 00000029 FF                              	DB	-1
   114 0000002A FF                              	DB	-1
   115 0000002B FF                              	DB	-1
   116 0000002C FF                              	DB	-1
   117 0000002D FF                              	DB	-1
   118 0000002E C6                              	DB	-58
   119 0000002F C6                              	DB	-58
   120 00000030 C6                              	DB	-58
   121 00000031 84                              	DB	-124
   122 00000032 00                              	DB	0
   123 00000033 00                              	DB	0
   124 00000034 00                              	DB	0
   125 00000035 84                              	DB	-124
   126 00000036 00                              	DB	0
   127 00000037 84                              	DB	-124
   128 00000038 84                              	DB	-124
   129 00000039 00                              	DB	0
   130 0000003A 00                              	DB	0
   131 0000003B 00                              	DB	0
   132 0000003C 84                              	DB	-124
   133 0000003D 84                              	DB	-124
   134 0000003E 00                              	DB	0
   135 0000003F 84                              	DB	-124
   136 00000040 00                              	DB	0
   137 00000041 84                              	DB	-124
   138 00000042 84                              	DB	-124
   139 00000043 84                              	DB	-124
   140 00000044 84                              	DB	-124
   141 00000045 84                              	DB	-124
   142                                          [SECTION .text]
   143 000000FB                                 	GLOBAL	_init_palette
   144 000000FB                                 _init_palette:
   145 000000FB 55                              	PUSH	EBP
   146 000000FC 89 E5                           	MOV	EBP,ESP
   147 000000FE 68 [00000016]                   	PUSH	_table_rgb.0
   148 00000103 6A 0F                           	PUSH	15
   149 00000105 6A 00                           	PUSH	0
   150 00000107 E8 00000002                     	CALL	_set_palette
   151 0000010C C9                              	LEAVE
   152 0000010D C3                              	RET
   153 0000010E                                 	GLOBAL	_set_palette
   154 0000010E                                 _set_palette:
   155 0000010E 55                              	PUSH	EBP
   156 0000010F 89 E5                           	MOV	EBP,ESP
   157 00000111 57                              	PUSH	EDI
   158 00000112 56                              	PUSH	ESI
   159 00000113 53                              	PUSH	EBX
   160 00000114 51                              	PUSH	ECX
   161 00000115 8B 5D 08                        	MOV	EBX,DWORD [8+EBP]
   162 00000118 8B 7D 0C                        	MOV	EDI,DWORD [12+EBP]
   163 0000011B 8B 75 10                        	MOV	ESI,DWORD [16+EBP]
   164 0000011E E8 [00000000]                   	CALL	_io_load_eflags
   165 00000123 89 45 F0                        	MOV	DWORD [-16+EBP],EAX
   166 00000126 E8 [00000000]                   	CALL	_io_cli
   167 0000012B 53                              	PUSH	EBX
   168 0000012C 68 000003C8                     	PUSH	968
   169 00000131 E8 [00000000]                   	CALL	_io_out8
   170 00000136 39 FB                           	CMP	EBX,EDI
   171 00000138 58                              	POP	EAX
   172 00000139 5A                              	POP	EDX
   173 0000013A 7E 12                           	JLE	L11
   174 0000013C                                 L13:
   175 0000013C 8B 45 F0                        	MOV	EAX,DWORD [-16+EBP]
   176 0000013F 89 45 08                        	MOV	DWORD [8+EBP],EAX
   177 00000142 8D 65 F4                        	LEA	ESP,DWORD [-12+EBP]
   178 00000145 5B                              	POP	EBX
   179 00000146 5E                              	POP	ESI
   180 00000147 5F                              	POP	EDI
   181 00000148 5D                              	POP	EBP
   182 00000149 E9 [00000000]                   	JMP	_io_store_eflags
   183 0000014E                                 L11:
   184 0000014E 8A 06                           	MOV	AL,BYTE [ESI]
   185 00000150 43                              	INC	EBX
   186 00000151 C0 E8 02                        	SHR	AL,2
   187 00000154 0F B6 C0                        	MOVZX	EAX,AL
   188 00000157 50                              	PUSH	EAX
   189 00000158 68 000003C9                     	PUSH	969
   190 0000015D E8 [00000000]                   	CALL	_io_out8
   191 00000162 8A 46 01                        	MOV	AL,BYTE [1+ESI]
   192 00000165 C0 E8 02                        	SHR	AL,2
   193 00000168 0F B6 C0                        	MOVZX	EAX,AL
   194 0000016B 50                              	PUSH	EAX
   195 0000016C 68 000003C9                     	PUSH	969
   196 00000171 E8 [00000000]                   	CALL	_io_out8
   197 00000176 8A 46 02                        	MOV	AL,BYTE [2+ESI]
   198 00000179 C0 E8 02                        	SHR	AL,2
   199 0000017C 83 C6 03                        	ADD	ESI,3
   200 0000017F 0F B6 C0                        	MOVZX	EAX,AL
   201 00000182 50                              	PUSH	EAX
   202 00000183 68 000003C9                     	PUSH	969
   203 00000188 E8 [00000000]                   	CALL	_io_out8
   204 0000018D 83 C4 18                        	ADD	ESP,24
   205 00000190 39 FB                           	CMP	EBX,EDI
   206 00000192 7E BA                           	JLE	L11
   207 00000194 EB A6                           	JMP	L13
   208 00000196                                 	GLOBAL	_boxfill8
   209 00000196                                 _boxfill8:
   210 00000196 55                              	PUSH	EBP
   211 00000197 89 E5                           	MOV	EBP,ESP
   212 00000199 57                              	PUSH	EDI
   213 0000019A 56                              	PUSH	ESI
   214 0000019B 53                              	PUSH	EBX
   215 0000019C 57                              	PUSH	EDI
   216 0000019D 57                              	PUSH	EDI
   217 0000019E 8A 45 10                        	MOV	AL,BYTE [16+EBP]
   218 000001A1 8B 4D 18                        	MOV	ECX,DWORD [24+EBP]
   219 000001A4 8B 7D 1C                        	MOV	EDI,DWORD [28+EBP]
   220 000001A7 88 45 F3                        	MOV	BYTE [-13+EBP],AL
   221 000001AA 3B 4D 20                        	CMP	ECX,DWORD [32+EBP]
   222 000001AD 7F 31                           	JG	L26
   223 000001AF 8B 5D 0C                        	MOV	EBX,DWORD [12+EBP]
   224 000001B2 0F AF D9                        	IMUL	EBX,ECX
   225 000001B5                                 L24:
   226 000001B5 8B 55 14                        	MOV	EDX,DWORD [20+EBP]
   227 000001B8 39 FA                           	CMP	EDX,EDI
   228 000001BA 7F 1B                           	JG	L28
   229 000001BC 8B 75 08                        	MOV	ESI,DWORD [8+EBP]
   230 000001BF 01 DE                           	ADD	ESI,EBX
   231 000001C1 01 D6                           	ADD	ESI,EDX
   232 000001C3 89 75 EC                        	MOV	DWORD [-20+EBP],ESI
   233 000001C6                                 L23:
   234 000001C6 8B 75 EC                        	MOV	ESI,DWORD [-20+EBP]
   235 000001C9 8A 45 F3                        	MOV	AL,BYTE [-13+EBP]
   236 000001CC 42                              	INC	EDX
   237 000001CD 88 06                           	MOV	BYTE [ESI],AL
   238 000001CF 46                              	INC	ESI
   239 000001D0 89 75 EC                        	MOV	DWORD [-20+EBP],ESI
   240 000001D3 39 FA                           	CMP	EDX,EDI
   241 000001D5 7E EF                           	JLE	L23
   242 000001D7                                 L28:
   243 000001D7 41                              	INC	ECX
   244 000001D8 03 5D 0C                        	ADD	EBX,DWORD [12+EBP]
   245 000001DB 3B 4D 20                        	CMP	ECX,DWORD [32+EBP]
   246 000001DE 7E D5                           	JLE	L24
   247 000001E0                                 L26:
   248 000001E0 5B                              	POP	EBX
   249 000001E1 5E                              	POP	ESI
   250 000001E2 5B                              	POP	EBX
   251 000001E3 5E                              	POP	ESI
   252 000001E4 5F                              	POP	EDI
   253 000001E5 5D                              	POP	EBP
   254 000001E6 C3                              	RET
   255 000001E7                                 	GLOBAL	_init_screen
   256 000001E7                                 _init_screen:
   257 000001E7 55                              	PUSH	EBP
   258 000001E8 89 E5                           	MOV	EBP,ESP
   259 000001EA 8B 45 0C                        	MOV	EAX,DWORD [12+EBP]
   260 000001ED 8B 55 10                        	MOV	EDX,DWORD [16+EBP]
   261 000001F0 4A                              	DEC	EDX
   262 000001F1 52                              	PUSH	EDX
   263 000001F2 8D 50 FF                        	LEA	EDX,DWORD [-1+EAX]
   264 000001F5 52                              	PUSH	EDX
   265 000001F6 6A 00                           	PUSH	0
   266 000001F8 6A 00                           	PUSH	0
   267 000001FA 6A 0E                           	PUSH	14
   268 000001FC 50                              	PUSH	EAX
   269 000001FD FF 75 08                        	PUSH	DWORD [8+EBP]
   270 00000200 E8 FFFFFF91                     	CALL	_boxfill8
   271 00000205 C9                              	LEAVE
   272 00000206 C3                              	RET
   273 00000207                                 	GLOBAL	_putfont8
   274 00000207                                 _putfont8:
   275 00000207 55                              	PUSH	EBP
   276 00000208 89 E5                           	MOV	EBP,ESP
   277 0000020A 57                              	PUSH	EDI
   278 0000020B 56                              	PUSH	ESI
   279 0000020C 31 F6                           	XOR	ESI,ESI
   280 0000020E 53                              	PUSH	EBX
   281 0000020F 8B 7D 1C                        	MOV	EDI,DWORD [28+EBP]
   282 00000212 8A 5D 18                        	MOV	BL,BYTE [24+EBP]
   283 00000215                                 L43:
   284 00000215 8B 45 14                        	MOV	EAX,DWORD [20+EBP]
   285 00000218 8B 55 10                        	MOV	EDX,DWORD [16+EBP]
   286 0000021B 01 F0                           	ADD	EAX,ESI
   287 0000021D 0F AF 45 0C                     	IMUL	EAX,DWORD [12+EBP]
   288 00000221 03 45 08                        	ADD	EAX,DWORD [8+EBP]
   289 00000224 8D 0C 02                        	LEA	ECX,DWORD [EDX+EAX*1]
   290 00000227 8A 14 3E                        	MOV	DL,BYTE [ESI+EDI*1]
   291 0000022A 84 D2                           	TEST	DL,DL
   292 0000022C 79 02                           	JNS	L35
   293 0000022E 88 19                           	MOV	BYTE [ECX],BL
   294 00000230                                 L35:
   295 00000230 88 D0                           	MOV	AL,DL
   296 00000232 83 E0 40                        	AND	EAX,64
   297 00000235 84 C0                           	TEST	AL,AL
   298 00000237 74 03                           	JE	L36
   299 00000239 88 59 01                        	MOV	BYTE [1+ECX],BL
   300 0000023C                                 L36:
   301 0000023C 88 D0                           	MOV	AL,DL
   302 0000023E 83 E0 20                        	AND	EAX,32
   303 00000241 84 C0                           	TEST	AL,AL
   304 00000243 74 03                           	JE	L37
   305 00000245 88 59 02                        	MOV	BYTE [2+ECX],BL
   306 00000248                                 L37:
   307 00000248 88 D0                           	MOV	AL,DL
   308 0000024A 83 E0 10                        	AND	EAX,16
   309 0000024D 84 C0                           	TEST	AL,AL
   310 0000024F 74 03                           	JE	L38
   311 00000251 88 59 03                        	MOV	BYTE [3+ECX],BL
   312 00000254                                 L38:
   313 00000254 88 D0                           	MOV	AL,DL
   314 00000256 83 E0 08                        	AND	EAX,8
   315 00000259 84 C0                           	TEST	AL,AL
   316 0000025B 74 03                           	JE	L39
   317 0000025D 88 59 04                        	MOV	BYTE [4+ECX],BL
   318 00000260                                 L39:
   319 00000260 88 D0                           	MOV	AL,DL
   320 00000262 83 E0 04                        	AND	EAX,4
   321 00000265 84 C0                           	TEST	AL,AL
   322 00000267 74 03                           	JE	L40
   323 00000269 88 59 05                        	MOV	BYTE [5+ECX],BL
   324 0000026C                                 L40:
   325 0000026C 88 D0                           	MOV	AL,DL
   326 0000026E 83 E0 02                        	AND	EAX,2
   327 00000271 84 C0                           	TEST	AL,AL
   328 00000273 74 03                           	JE	L41
   329 00000275 88 59 06                        	MOV	BYTE [6+ECX],BL
   330 00000278                                 L41:
   331 00000278 83 E2 01                        	AND	EDX,1
   332 0000027B 84 D2                           	TEST	DL,DL
   333 0000027D 74 03                           	JE	L33
   334 0000027F 88 59 07                        	MOV	BYTE [7+ECX],BL
   335 00000282                                 L33:
   336 00000282 46                              	INC	ESI
   337 00000283 83 FE 0F                        	CMP	ESI,15
   338 00000286 7E 8D                           	JLE	L43
   339 00000288 5B                              	POP	EBX
   340 00000289 5E                              	POP	ESI
   341 0000028A 5F                              	POP	EDI
   342 0000028B 5D                              	POP	EBP
   343 0000028C C3                              	RET
   344 0000028D                                 	GLOBAL	_putfonts8_asc
   345 0000028D                                 _putfonts8_asc:
   346 0000028D 55                              	PUSH	EBP
   347 0000028E 89 E5                           	MOV	EBP,ESP
   348 00000290 57                              	PUSH	EDI
   349 00000291 56                              	PUSH	ESI
   350 00000292 53                              	PUSH	EBX
   351 00000293 50                              	PUSH	EAX
   352 00000294 8B 5D 1C                        	MOV	EBX,DWORD [28+EBP]
   353 00000297 8A 45 18                        	MOV	AL,BYTE [24+EBP]
   354 0000029A 88 45 F3                        	MOV	BYTE [-13+EBP],AL
   355 0000029D 8B 75 10                        	MOV	ESI,DWORD [16+EBP]
   356 000002A0 8B 7D 14                        	MOV	EDI,DWORD [20+EBP]
   357 000002A3 80 3B 00                        	CMP	BYTE [EBX],0
   358 000002A6 75 08                           	JNE	L51
   359 000002A8                                 L53:
   360 000002A8 8D 65 F4                        	LEA	ESP,DWORD [-12+EBP]
   361 000002AB 5B                              	POP	EBX
   362 000002AC 5E                              	POP	ESI
   363 000002AD 5F                              	POP	EDI
   364 000002AE 5D                              	POP	EBP
   365 000002AF C3                              	RET
   366 000002B0                                 L51:
   367 000002B0 0F B6 03                        	MOVZX	EAX,BYTE [EBX]
   368 000002B3 C1 E0 04                        	SAL	EAX,4
   369 000002B6 43                              	INC	EBX
   370 000002B7 05 [00000000]                   	ADD	EAX,_fonts
   371 000002BC 50                              	PUSH	EAX
   372 000002BD 0F BE 45 F3                     	MOVSX	EAX,BYTE [-13+EBP]
   373 000002C1 50                              	PUSH	EAX
   374 000002C2 57                              	PUSH	EDI
   375 000002C3 56                              	PUSH	ESI
   376 000002C4 83 C6 08                        	ADD	ESI,8
   377 000002C7 FF 75 0C                        	PUSH	DWORD [12+EBP]
   378 000002CA FF 75 08                        	PUSH	DWORD [8+EBP]
   379 000002CD E8 FFFFFF35                     	CALL	_putfont8
   380 000002D2 83 C4 18                        	ADD	ESP,24
   381 000002D5 80 3B 00                        	CMP	BYTE [EBX],0
   382 000002D8 75 D6                           	JNE	L51
   383 000002DA EB CC                           	JMP	L53
   384                                          [SECTION .data]
   385 00000046                                 _cursor.1:
   386 00000046 2A 2E 2E 2E 2E 2E 2E 2E 2E 2E   	DB	"*..............."
       00000050 2E 2E 2E 2E 2E 2E 
   387 00000056 2A 2A 2E 2E 2E 2E 2E 2E 2E 2E   	DB	"**.............."
       00000060 2E 2E 2E 2E 2E 2E 
   388 00000066 2A 4F 2A 2E 2E 2E 2E 2E 2E 2E   	DB	"*O*............."
       00000070 2E 2E 2E 2E 2E 2E 
   389 00000076 2A 4F 4F 2A 2E 2E 2E 2E 2E 2E   	DB	"*OO*............"
       00000080 2E 2E 2E 2E 2E 2E 
   390 00000086 2A 4F 4F 4F 2A 2E 2E 2E 2E 2E   	DB	"*OOO*..........."
       00000090 2E 2E 2E 2E 2E 2E 
   391 00000096 2A 4F 4F 4F 4F 2A 2E 2E 2E 2E   	DB	"*OOOO*.........."
       000000A0 2E 2E 2E 2E 2E 2E 
   392 000000A6 2A 4F 4F 4F 4F 4F 2A 2E 2E 2E   	DB	"*OOOOO*........."
       000000B0 2E 2E 2E 2E 2E 2E 
   393 000000B6 2A 4F 4F 4F 4F 4F 4F 2A 2E 2E   	DB	"*OOOOOO*........"
       000000C0 2E 2E 2E 2E 2E 2E 
   394 000000C6 2A 4F 4F 4F 4F 4F 4F 4F 2A 2E   	DB	"*OOOOOOO*......."
       000000D0 2E 2E 2E 2E 2E 2E 
   395 000000D6 2A 4F 4F 4F 4F 2A 2A 2A 2A 2A   	DB	"*OOOO*****......"
       000000E0 2E 2E 2E 2E 2E 2E 
   396 000000E6 2A 4F 4F 2A 4F 2A 2E 2E 2E 2E   	DB	"*OO*O*.........."
       000000F0 2E 2E 2E 2E 2E 2E 
   397 000000F6 2A 4F 2A 2E 2A 4F 2A 2E 2E 2E   	DB	"*O*.*O*........."
       00000100 2E 2E 2E 2E 2E 2E 
   398 00000106 2A 2A 2E 2E 2A 4F 2A 2E 2E 2E   	DB	"**..*O*........."
       00000110 2E 2E 2E 2E 2E 2E 
   399 00000116 2A 2E 2E 2E 2E 2A 4F 2A 2E 2E   	DB	"*....*O*........"
       00000120 2E 2E 2E 2E 2E 2E 
   400 00000126 2E 2E 2E 2E 2E 2A 4F 2A 2E 2E   	DB	".....*O*........"
       00000130 2E 2E 2E 2E 2E 2E 
   401 00000136 2E 2E 2E 2E 2E 2E 2A 2E 2E 2E   	DB	"......*........."
       00000140 2E 2E 2E 2E 2E 2E 
   402                                          [SECTION .text]
   403 000002DC                                 	GLOBAL	_init_mouse_cursor8
   404 000002DC                                 _init_mouse_cursor8:
   405 000002DC 55                              	PUSH	EBP
   406 000002DD 89 E5                           	MOV	EBP,ESP
   407 000002DF 57                              	PUSH	EDI
   408 000002E0 56                              	PUSH	ESI
   409 000002E1 31 FF                           	XOR	EDI,EDI
   410 000002E3 53                              	PUSH	EBX
   411 000002E4 31 DB                           	XOR	EBX,EBX
   412 000002E6 50                              	PUSH	EAX
   413 000002E7 8A 45 0C                        	MOV	AL,BYTE [12+EBP]
   414 000002EA 8B 75 08                        	MOV	ESI,DWORD [8+EBP]
   415 000002ED 88 45 F3                        	MOV	BYTE [-13+EBP],AL
   416 000002F0                                 L67:
   417 000002F0 31 D2                           	XOR	EDX,EDX
   418 000002F2                                 L66:
   419 000002F2 8D 04 3A                        	LEA	EAX,DWORD [EDX+EDI*1]
   420 000002F5 80 B8 [00000046] 2A             	CMP	BYTE [_cursor.1+EAX],42
   421 000002FC 74 35                           	JE	L72
   422 000002FE                                 L63:
   423 000002FE 80 B8 [00000046] 4F             	CMP	BYTE [_cursor.1+EAX],79
   424 00000305 74 26                           	JE	L73
   425 00000307                                 L64:
   426 00000307 80 B8 [00000046] 2E             	CMP	BYTE [_cursor.1+EAX],46
   427 0000030E 74 15                           	JE	L74
   428 00000310                                 L61:
   429 00000310 42                              	INC	EDX
   430 00000311 83 FA 0F                        	CMP	EDX,15
   431 00000314 7E DC                           	JLE	L66
   432 00000316 43                              	INC	EBX
   433 00000317 83 C7 10                        	ADD	EDI,16
   434 0000031A 83 FB 0F                        	CMP	EBX,15
   435 0000031D 7E D1                           	JLE	L67
   436 0000031F 58                              	POP	EAX
   437 00000320 5B                              	POP	EBX
   438 00000321 5E                              	POP	ESI
   439 00000322 5F                              	POP	EDI
   440 00000323 5D                              	POP	EBP
   441 00000324 C3                              	RET
   442 00000325                                 L74:
   443 00000325 8A 4D F3                        	MOV	CL,BYTE [-13+EBP]
   444 00000328 88 0C 30                        	MOV	BYTE [EAX+ESI*1],CL
   445 0000032B EB E3                           	JMP	L61
   446 0000032D                                 L73:
   447 0000032D C6 04 30 07                     	MOV	BYTE [EAX+ESI*1],7
   448 00000331 EB D4                           	JMP	L64
   449 00000333                                 L72:
   450 00000333 C6 04 30 00                     	MOV	BYTE [EAX+ESI*1],0
   451 00000337 EB C5                           	JMP	L63
   452 00000339                                 	GLOBAL	_putblock8_8
   453 00000339                                 _putblock8_8:
   454 00000339 55                              	PUSH	EBP
   455 0000033A 89 E5                           	MOV	EBP,ESP
   456 0000033C 57                              	PUSH	EDI
   457 0000033D 56                              	PUSH	ESI
   458 0000033E 31 F6                           	XOR	ESI,ESI
   459 00000340 53                              	PUSH	EBX
   460 00000341 83 EC 0C                        	SUB	ESP,12
   461 00000344 3B 75 14                        	CMP	ESI,DWORD [20+EBP]
   462 00000347 7D 3E                           	JGE	L87
   463 00000349 31 FF                           	XOR	EDI,EDI
   464 0000034B                                 L85:
   465 0000034B 31 DB                           	XOR	EBX,EBX
   466 0000034D 3B 5D 10                        	CMP	EBX,DWORD [16+EBP]
   467 00000350 7D 2C                           	JGE	L89
   468 00000352 8B 45 20                        	MOV	EAX,DWORD [32+EBP]
   469 00000355 01 F8                           	ADD	EAX,EDI
   470 00000357 89 45 EC                        	MOV	DWORD [-20+EBP],EAX
   471 0000035A                                 L84:
   472 0000035A 8B 45 1C                        	MOV	EAX,DWORD [28+EBP]
   473 0000035D 8B 55 18                        	MOV	EDX,DWORD [24+EBP]
   474 00000360 01 F0                           	ADD	EAX,ESI
   475 00000362 01 DA                           	ADD	EDX,EBX
   476 00000364 0F AF 45 0C                     	IMUL	EAX,DWORD [12+EBP]
   477 00000368 01 D0                           	ADD	EAX,EDX
   478 0000036A 8B 4D 08                        	MOV	ECX,DWORD [8+EBP]
   479 0000036D 8B 55 EC                        	MOV	EDX,DWORD [-20+EBP]
   480 00000370 43                              	INC	EBX
   481 00000371 8A 12                           	MOV	DL,BYTE [EDX]
   482 00000373 88 14 08                        	MOV	BYTE [EAX+ECX*1],DL
   483 00000376 FF 45 EC                        	INC	DWORD [-20+EBP]
   484 00000379 3B 5D 10                        	CMP	EBX,DWORD [16+EBP]
   485 0000037C 7C DC                           	JL	L84
   486 0000037E                                 L89:
   487 0000037E 46                              	INC	ESI
   488 0000037F 03 7D 24                        	ADD	EDI,DWORD [36+EBP]
   489 00000382 3B 75 14                        	CMP	ESI,DWORD [20+EBP]
   490 00000385 7C C4                           	JL	L85
   491 00000387                                 L87:
   492 00000387 83 C4 0C                        	ADD	ESP,12
   493 0000038A 5B                              	POP	EBX
   494 0000038B 5E                              	POP	ESI
   495 0000038C 5F                              	POP	EDI
   496 0000038D 5D                              	POP	EBP
   497 0000038E C3                              	RET
   498 0000038F                                 	GLOBAL	_HariMain
   499 0000038F                                 _HariMain:
   500 0000038F 55                              	PUSH	EBP
   501 00000390 89 E5                           	MOV	EBP,ESP
   502 00000392 5D                              	POP	EBP
   503 00000393 E9 FFFFFC68                     	JMP	_KaliMain
