     1 00000000                                 [FORMAT "WCOFF"]
     2 00000000                                 [INSTRSET "i486p"]
     3 00000000                                 [OPTIMIZE 1]
     4 00000000                                 [OPTION 1]
     5 00000000                                 [BITS 32]
     6 00000000                                 	EXTERN	_io_out8
     7 00000000                                 	EXTERN	_io_in8
     8 00000000                                 	EXTERN	_fifo32_put
     9 00000000                                 	EXTERN	_io_hlt
    10 00000000                                 [FILE "keyboard.c"]
    11                                          [SECTION .text]
    12 00000000                                 	GLOBAL	_inthandler21
    13 00000000                                 _inthandler21:
    14 00000000 55                              	PUSH	EBP
    15 00000001 89 E5                           	MOV	EBP,ESP
    16 00000003 6A 61                           	PUSH	97
    17 00000005 6A 20                           	PUSH	32
    18 00000007 E8 [00000000]                   	CALL	_io_out8
    19 0000000C 6A 60                           	PUSH	96
    20 0000000E E8 [00000000]                   	CALL	_io_in8
    21 00000013 03 05 [00000004]                	ADD	EAX,DWORD [_keydata0]
    22 00000019 50                              	PUSH	EAX
    23 0000001A FF 35 [00000000]                	PUSH	DWORD [_keyfifo]
    24 00000020 E8 [00000000]                   	CALL	_fifo32_put
    25 00000025 C9                              	LEAVE
    26 00000026 C3                              	RET
    27 00000027                                 	GLOBAL	_wait_KBC_sendready
    28 00000027                                 _wait_KBC_sendready:
    29 00000027 55                              	PUSH	EBP
    30 00000028 89 E5                           	MOV	EBP,ESP
    31 0000002A                                 L3:
    32 0000002A 6A 64                           	PUSH	100
    33 0000002C E8 [00000000]                   	CALL	_io_in8
    34 00000031 5A                              	POP	EDX
    35 00000032 83 E0 02                        	AND	EAX,2
    36 00000035 75 F3                           	JNE	L3
    37 00000037 C9                              	LEAVE
    38 00000038 C3                              	RET
    39 00000039                                 	GLOBAL	_init_keyboard
    40 00000039                                 _init_keyboard:
    41 00000039 55                              	PUSH	EBP
    42 0000003A 89 E5                           	MOV	EBP,ESP
    43 0000003C 8B 45 08                        	MOV	EAX,DWORD [8+EBP]
    44 0000003F A3 [00000000]                   	MOV	DWORD [_keyfifo],EAX
    45 00000044 8B 45 0C                        	MOV	EAX,DWORD [12+EBP]
    46 00000047 A3 [00000004]                   	MOV	DWORD [_keydata0],EAX
    47 0000004C E8 FFFFFFD6                     	CALL	_wait_KBC_sendready
    48 00000051 6A 60                           	PUSH	96
    49 00000053 6A 64                           	PUSH	100
    50 00000055 E8 [00000000]                   	CALL	_io_out8
    51 0000005A E8 FFFFFFC8                     	CALL	_wait_KBC_sendready
    52 0000005F 59                              	POP	ECX
    53 00000060 58                              	POP	EAX
    54 00000061 C7 45 0C 00000047               	MOV	DWORD [12+EBP],71
    55 00000068 C7 45 08 00000060               	MOV	DWORD [8+EBP],96
    56 0000006F C9                              	LEAVE
    57 00000070 E9 [00000000]                   	JMP	_io_out8
    58 00000075                                 	GLOBAL	_reset_cpu
    59 00000075                                 _reset_cpu:
    60 00000075 55                              	PUSH	EBP
    61 00000076 89 E5                           	MOV	EBP,ESP
    62 00000078 E8 FFFFFFAA                     	CALL	_wait_KBC_sendready
    63 0000007D 68 000000FE                     	PUSH	254
    64 00000082 6A 64                           	PUSH	100
    65 00000084 E8 [00000000]                   	CALL	_io_out8
    66 00000089 58                              	POP	EAX
    67 0000008A 5A                              	POP	EDX
    68 0000008B                                 L9:
    69 0000008B E8 [00000000]                   	CALL	_io_hlt
    70 00000090 EB F9                           	JMP	L9
    71 00000092                                 	GLOBAL	_keyfifo
    72                                          [SECTION .data]
    73 00000000                                 	ALIGNB	4
    74 00000000                                 _keyfifo:
    75 00000000 00 00 00 00                     	RESB	4
    76 00000004                                 	GLOBAL	_keydata0
    77                                          [SECTION .data]
    78 00000004                                 	ALIGNB	4
    79 00000004                                 _keydata0:
    80 00000004 00 00 00 00                     	RESB	4
