     1 00000000                                 [FORMAT "WCOFF"]
     2 00000000                                 [INSTRSET "i486p"]
     3 00000000                                 [OPTIMIZE 1]
     4 00000000                                 [OPTION 1]
     5 00000000                                 [BITS 32]
     6 00000000                                 	EXTERN	_memman_alloc_4k
     7 00000000                                 	EXTERN	_file_readfat
     8 00000000                                 	EXTERN	_sprintf
     9 00000000                                 	EXTERN	_task_now
    10 00000000                                 	EXTERN	_fonts
    11 00000000                                 	EXTERN	_file_search
    12 00000000                                 	EXTERN	_file_loadfile2
    13 00000000                                 	EXTERN	_info_JPEG
    14 00000000                                 	EXTERN	_decode0_JPEG
    15 00000000                                 	EXTERN	_memman_free_4k
    16 00000000                                 [FILE "graphic.c"]
    17                                          [SECTION .text]
    18 00000000                                 	GLOBAL	_boxfill8
    19 00000000                                 _boxfill8:
    20 00000000 55                              	PUSH	EBP
    21 00000001 89 E5                           	MOV	EBP,ESP
    22 00000003 57                              	PUSH	EDI
    23 00000004 56                              	PUSH	ESI
    24 00000005 8B 4D 18                        	MOV	ECX,DWORD [24+EBP]
    25 00000008 53                              	PUSH	EBX
    26 00000009 8B 7D 1C                        	MOV	EDI,DWORD [28+EBP]
    27 0000000C 3B 4D 20                        	CMP	ECX,DWORD [32+EBP]
    28 0000000F 7F 2C                           	JG	L13
    29 00000011 8B 5D 0C                        	MOV	EBX,DWORD [12+EBP]
    30 00000014 0F AF D9                        	IMUL	EBX,ECX
    31 00000017                                 L11:
    32 00000017 8B 55 14                        	MOV	EDX,DWORD [20+EBP]
    33 0000001A 39 FA                           	CMP	EDX,EDI
    34 0000001C 7F 16                           	JG	L15
    35 0000001E 8D 04 1A                        	LEA	EAX,DWORD [EDX+EBX*1]
    36 00000021 8B 75 08                        	MOV	ESI,DWORD [8+EBP]
    37 00000024 8D 04 86                        	LEA	EAX,DWORD [ESI+EAX*4]
    38 00000027                                 L10:
    39 00000027 8B 75 10                        	MOV	ESI,DWORD [16+EBP]
    40 0000002A 42                              	INC	EDX
    41 0000002B 89 30                           	MOV	DWORD [EAX],ESI
    42 0000002D 83 C0 04                        	ADD	EAX,4
    43 00000030 39 FA                           	CMP	EDX,EDI
    44 00000032 7E F3                           	JLE	L10
    45 00000034                                 L15:
    46 00000034 41                              	INC	ECX
    47 00000035 03 5D 0C                        	ADD	EBX,DWORD [12+EBP]
    48 00000038 3B 4D 20                        	CMP	ECX,DWORD [32+EBP]
    49 0000003B 7E DA                           	JLE	L11
    50 0000003D                                 L13:
    51 0000003D 5B                              	POP	EBX
    52 0000003E 5E                              	POP	ESI
    53 0000003F 5F                              	POP	EDI
    54 00000040 5D                              	POP	EBP
    55 00000041 C3                              	RET
    56                                          [SECTION .data]
    57 00000000                                 LC0:
    58 00000000 62 61 63 6B 2E 6A 70 67 00      	DB	"back.jpg",0x00
    59 00000009                                 LC1:
    60 00000009 44 45 42 55 47 20 49 4E 46 4F   	DB	"DEBUG INFO:",0x00
       00000013 3A 00 
    61 00000015                                 LC2:
    62 00000015 44 72 61 77 4D 6F 64 65 20 20   	DB	"DrawMode  = 0x%08x",0x00
       0000001F 3D 20 30 78 25 30 38 78 00 
    63 00000028                                 LC3:
    64 00000028 56 52 41 4D 5F 41 44 44 52 20   	DB	"VRAM_ADDR = 0x%08x",0x00
       00000032 3D 20 30 78 25 30 38 78 00 
    65 0000003B                                 LC4:
    66 0000003B 40 4B 61 6C 69 6E 6F 74 65 20   	DB	"@Kalinote All Rights Reserved",0x00
       00000045 41 6C 6C 20 52 69 67 68 74 73 
       0000004F 20 52 65 73 65 72 76 65 64 00 
    67                                          [SECTION .text]
    68 00000042                                 	GLOBAL	_init_screen8
    69 00000042                                 _init_screen8:
    70 00000042 55                              	PUSH	EBP
    71 00000043 89 E5                           	MOV	EBP,ESP
    72 00000045 57                              	PUSH	EDI
    73 00000046 56                              	PUSH	ESI
    74 00000047 53                              	PUSH	EBX
    75 00000048 83 EC 40                        	SUB	ESP,64
    76 0000004B 8B 75 0C                        	MOV	ESI,DWORD [12+EBP]
    77 0000004E 8B 45 10                        	MOV	EAX,DWORD [16+EBP]
    78 00000051 48                              	DEC	EAX
    79 00000052 8B 7D 08                        	MOV	EDI,DWORD [8+EBP]
    80 00000055 50                              	PUSH	EAX
    81 00000056 8D 46 FF                        	LEA	EAX,DWORD [-1+ESI]
    82 00000059 50                              	PUSH	EAX
    83 0000005A 6A 00                           	PUSH	0
    84 0000005C 6A 00                           	PUSH	0
    85 0000005E 68 00008484                     	PUSH	33924
    86 00000063 56                              	PUSH	ESI
    87 00000064 57                              	PUSH	EDI
    88 00000065 E8 FFFFFF96                     	CALL	_boxfill8
    89 0000006A 68 00300000                     	PUSH	3145728
    90 0000006F 68 003C0000                     	PUSH	3932160
    91 00000074 E8 [00000000]                   	CALL	_memman_alloc_4k
    92 00000079 83 C4 24                        	ADD	ESP,36
    93 0000007C 89 C3                           	MOV	EBX,EAX
    94 0000007E 68 00100200                     	PUSH	1049088
    95 00000083 50                              	PUSH	EAX
    96 00000084 E8 [00000000]                   	CALL	_file_readfat
    97 00000089 57                              	PUSH	EDI
    98 0000008A 53                              	PUSH	EBX
    99 0000008B 8D 5D B4                        	LEA	EBX,DWORD [-76+EBP]
   100 0000008E 56                              	PUSH	ESI
   101 0000008F 6A 00                           	PUSH	0
   102 00000091 6A 00                           	PUSH	0
   103 00000093 68 [00000000]                   	PUSH	LC0
   104 00000098 E8 000003FA                     	CALL	_read_image_32
   105 0000009D 83 C4 20                        	ADD	ESP,32
   106 000000A0 68 [00000009]                   	PUSH	LC1
   107 000000A5 68 00FF0000                     	PUSH	16711680
   108 000000AA 6A 10                           	PUSH	16
   109 000000AC 6A 08                           	PUSH	8
   110 000000AE 56                              	PUSH	ESI
   111 000000AF 57                              	PUSH	EDI
   112 000000B0 E8 00000239                     	CALL	_putfonts8_asc
   113 000000B5 FF 75 14                        	PUSH	DWORD [20+EBP]
   114 000000B8 68 [00000015]                   	PUSH	LC2
   115 000000BD 53                              	PUSH	EBX
   116 000000BE E8 [00000000]                   	CALL	_sprintf
   117 000000C3 83 C4 24                        	ADD	ESP,36
   118 000000C6 53                              	PUSH	EBX
   119 000000C7 68 00FF0000                     	PUSH	16711680
   120 000000CC 6A 20                           	PUSH	32
   121 000000CE 6A 08                           	PUSH	8
   122 000000D0 56                              	PUSH	ESI
   123 000000D1 57                              	PUSH	EDI
   124 000000D2 E8 00000217                     	CALL	_putfonts8_asc
   125 000000D7 57                              	PUSH	EDI
   126 000000D8 68 [00000028]                   	PUSH	LC3
   127 000000DD 53                              	PUSH	EBX
   128 000000DE E8 [00000000]                   	CALL	_sprintf
   129 000000E3 83 C4 24                        	ADD	ESP,36
   130 000000E6 53                              	PUSH	EBX
   131 000000E7 68 00FF0000                     	PUSH	16711680
   132 000000EC 6A 30                           	PUSH	48
   133 000000EE 6A 08                           	PUSH	8
   134 000000F0 56                              	PUSH	ESI
   135 000000F1 57                              	PUSH	EDI
   136 000000F2 E8 000001F7                     	CALL	_putfonts8_asc
   137 000000F7 68 [0000003B]                   	PUSH	LC4
   138 000000FC 68 00FF0000                     	PUSH	16711680
   139 00000101 68 000002CB                     	PUSH	715
   140 00000106 68 00000307                     	PUSH	775
   141 0000010B 56                              	PUSH	ESI
   142 0000010C 57                              	PUSH	EDI
   143 0000010D E8 000001DC                     	CALL	_putfonts8_asc
   144 00000112 8D 65 F4                        	LEA	ESP,DWORD [-12+EBP]
   145 00000115 5B                              	POP	EBX
   146 00000116 5E                              	POP	ESI
   147 00000117 5F                              	POP	EDI
   148 00000118 5D                              	POP	EBP
   149 00000119 C3                              	RET
   150 0000011A                                 	GLOBAL	_putfont8
   151 0000011A                                 _putfont8:
   152 0000011A 55                              	PUSH	EBP
   153 0000011B 89 E5                           	MOV	EBP,ESP
   154 0000011D 57                              	PUSH	EDI
   155 0000011E 56                              	PUSH	ESI
   156 0000011F 31 F6                           	XOR	ESI,ESI
   157 00000121 53                              	PUSH	EBX
   158 00000122 8B 7D 1C                        	MOV	EDI,DWORD [28+EBP]
   159 00000125 8B 5D 18                        	MOV	EBX,DWORD [24+EBP]
   160 00000128                                 L30:
   161 00000128 8B 45 14                        	MOV	EAX,DWORD [20+EBP]
   162 0000012B 8B 55 08                        	MOV	EDX,DWORD [8+EBP]
   163 0000012E 01 F0                           	ADD	EAX,ESI
   164 00000130 0F AF 45 0C                     	IMUL	EAX,DWORD [12+EBP]
   165 00000134 03 45 10                        	ADD	EAX,DWORD [16+EBP]
   166 00000137 8D 0C 82                        	LEA	ECX,DWORD [EDX+EAX*4]
   167 0000013A 8A 14 3E                        	MOV	DL,BYTE [ESI+EDI*1]
   168 0000013D 84 D2                           	TEST	DL,DL
   169 0000013F 79 02                           	JNS	L22
   170 00000141 89 19                           	MOV	DWORD [ECX],EBX
   171 00000143                                 L22:
   172 00000143 88 D0                           	MOV	AL,DL
   173 00000145 83 E0 40                        	AND	EAX,64
   174 00000148 84 C0                           	TEST	AL,AL
   175 0000014A 74 03                           	JE	L23
   176 0000014C 89 59 04                        	MOV	DWORD [4+ECX],EBX
   177 0000014F                                 L23:
   178 0000014F 88 D0                           	MOV	AL,DL
   179 00000151 83 E0 20                        	AND	EAX,32
   180 00000154 84 C0                           	TEST	AL,AL
   181 00000156 74 03                           	JE	L24
   182 00000158 89 59 08                        	MOV	DWORD [8+ECX],EBX
   183 0000015B                                 L24:
   184 0000015B 88 D0                           	MOV	AL,DL
   185 0000015D 83 E0 10                        	AND	EAX,16
   186 00000160 84 C0                           	TEST	AL,AL
   187 00000162 74 03                           	JE	L25
   188 00000164 89 59 0C                        	MOV	DWORD [12+ECX],EBX
   189 00000167                                 L25:
   190 00000167 88 D0                           	MOV	AL,DL
   191 00000169 83 E0 08                        	AND	EAX,8
   192 0000016C 84 C0                           	TEST	AL,AL
   193 0000016E 74 03                           	JE	L26
   194 00000170 89 59 10                        	MOV	DWORD [16+ECX],EBX
   195 00000173                                 L26:
   196 00000173 88 D0                           	MOV	AL,DL
   197 00000175 83 E0 04                        	AND	EAX,4
   198 00000178 84 C0                           	TEST	AL,AL
   199 0000017A 74 03                           	JE	L27
   200 0000017C 89 59 14                        	MOV	DWORD [20+ECX],EBX
   201 0000017F                                 L27:
   202 0000017F 88 D0                           	MOV	AL,DL
   203 00000181 83 E0 02                        	AND	EAX,2
   204 00000184 84 C0                           	TEST	AL,AL
   205 00000186 74 03                           	JE	L28
   206 00000188 89 59 18                        	MOV	DWORD [24+ECX],EBX
   207 0000018B                                 L28:
   208 0000018B 83 E2 01                        	AND	EDX,1
   209 0000018E 84 D2                           	TEST	DL,DL
   210 00000190 74 03                           	JE	L20
   211 00000192 89 59 1C                        	MOV	DWORD [28+ECX],EBX
   212 00000195                                 L20:
   213 00000195 46                              	INC	ESI
   214 00000196 83 FE 0F                        	CMP	ESI,15
   215 00000199 7E 8D                           	JLE	L30
   216 0000019B 5B                              	POP	EBX
   217 0000019C 5E                              	POP	ESI
   218 0000019D 5F                              	POP	EDI
   219 0000019E 5D                              	POP	EBP
   220 0000019F C3                              	RET
   221 000001A0                                 	GLOBAL	_putfont32
   222 000001A0                                 _putfont32:
   223 000001A0 55                              	PUSH	EBP
   224 000001A1 89 E5                           	MOV	EBP,ESP
   225 000001A3 57                              	PUSH	EDI
   226 000001A4 56                              	PUSH	ESI
   227 000001A5 53                              	PUSH	EBX
   228 000001A6 83 EC 0C                        	SUB	ESP,12
   229 000001A9 8B 45 14                        	MOV	EAX,DWORD [20+EBP]
   230 000001AC 8B 55 08                        	MOV	EDX,DWORD [8+EBP]
   231 000001AF 0F AF 45 0C                     	IMUL	EAX,DWORD [12+EBP]
   232 000001B3 03 45 10                        	ADD	EAX,DWORD [16+EBP]
   233 000001B6 C7 45 EC 00000001               	MOV	DWORD [-20+EBP],1
   234 000001BD 8D 3C 82                        	LEA	EDI,DWORD [EDX+EAX*4]
   235 000001C0 C7 45 F0 00000000               	MOV	DWORD [-16+EBP],0
   236 000001C7                                 L50:
   237 000001C7 31 DB                           	XOR	EBX,EBX
   238 000001C9                                 L43:
   239 000001C9 8B 4D 1C                        	MOV	ECX,DWORD [28+EBP]
   240 000001CC 8B 45 F0                        	MOV	EAX,DWORD [-16+EBP]
   241 000001CF 0F BE 14 08                     	MOVSX	EDX,BYTE [EAX+ECX*1]
   242 000001D3 B8 00000080                     	MOV	EAX,128
   243 000001D8 88 D9                           	MOV	CL,BL
   244 000001DA D3 F8                           	SAR	EAX,CL
   245 000001DC 85 C2                           	TEST	EDX,EAX
   246 000001DE 74 16                           	JE	L40
   247 000001E0 BA 00000002                     	MOV	EDX,2
   248 000001E5 8B 45 F0                        	MOV	EAX,DWORD [-16+EBP]
   249 000001E8 89 D1                           	MOV	ECX,EDX
   250 000001EA 99                              	CDQ
   251 000001EB F7 F9                           	IDIV	ECX
   252 000001ED 8B 45 18                        	MOV	EAX,DWORD [24+EBP]
   253 000001F0 8D 14 D3                        	LEA	EDX,DWORD [EBX+EDX*8]
   254 000001F3 89 04 97                        	MOV	DWORD [EDI+EDX*4],EAX
   255 000001F6                                 L40:
   256 000001F6 43                              	INC	EBX
   257 000001F7 83 FB 07                        	CMP	EBX,7
   258 000001FA 7E CD                           	JLE	L43
   259 000001FC 31 DB                           	XOR	EBX,EBX
   260 000001FE                                 L48:
   261 000001FE BA 00000002                     	MOV	EDX,2
   262 00000203 8B 45 F0                        	MOV	EAX,DWORD [-16+EBP]
   263 00000206 89 D1                           	MOV	ECX,EDX
   264 00000208 99                              	CDQ
   265 00000209 F7 F9                           	IDIV	ECX
   266 0000020B C1 E2 03                        	SAL	EDX,3
   267 0000020E 8D 0C 13                        	LEA	ECX,DWORD [EBX+EDX*1]
   268 00000211 29 DA                           	SUB	EDX,EBX
   269 00000213 43                              	INC	EBX
   270 00000214 8B 34 8F                        	MOV	ESI,DWORD [EDI+ECX*4]
   271 00000217 8B 44 97 1C                     	MOV	EAX,DWORD [28+EDI+EDX*4]
   272 0000021B 89 04 8F                        	MOV	DWORD [EDI+ECX*4],EAX
   273 0000021E 83 FB 03                        	CMP	EBX,3
   274 00000221 89 74 97 1C                     	MOV	DWORD [28+EDI+EDX*4],ESI
   275 00000225 7E D7                           	JLE	L48
   276 00000227 F7 45 F0 00000001               	TEST	DWORD [-16+EBP],1
   277 0000022E 74 16                           	JE	L36
   278 00000230 8B 45 14                        	MOV	EAX,DWORD [20+EBP]
   279 00000233 8B 55 08                        	MOV	EDX,DWORD [8+EBP]
   280 00000236 03 45 EC                        	ADD	EAX,DWORD [-20+EBP]
   281 00000239 FF 45 EC                        	INC	DWORD [-20+EBP]
   282 0000023C 0F AF 45 0C                     	IMUL	EAX,DWORD [12+EBP]
   283 00000240 03 45 10                        	ADD	EAX,DWORD [16+EBP]
   284 00000243 8D 3C 82                        	LEA	EDI,DWORD [EDX+EAX*4]
   285 00000246                                 L36:
   286 00000246 FF 45 F0                        	INC	DWORD [-16+EBP]
   287 00000249 83 7D F0 0F                     	CMP	DWORD [-16+EBP],15
   288 0000024D 0F 8E FFFFFF74                  	JLE	L50
   289 00000253 C7 45 F0 00000000               	MOV	DWORD [-16+EBP],0
   290 0000025A                                 L67:
   291 0000025A 31 DB                           	XOR	EBX,EBX
   292 0000025C                                 L60:
   293 0000025C 8B 4D 20                        	MOV	ECX,DWORD [32+EBP]
   294 0000025F 8B 45 F0                        	MOV	EAX,DWORD [-16+EBP]
   295 00000262 0F BE 14 08                     	MOVSX	EDX,BYTE [EAX+ECX*1]
   296 00000266 B8 00000080                     	MOV	EAX,128
   297 0000026B 88 D9                           	MOV	CL,BL
   298 0000026D D3 F8                           	SAR	EAX,CL
   299 0000026F 85 C2                           	TEST	EDX,EAX
   300 00000271 74 16                           	JE	L57
   301 00000273 BA 00000002                     	MOV	EDX,2
   302 00000278 8B 45 F0                        	MOV	EAX,DWORD [-16+EBP]
   303 0000027B 89 D1                           	MOV	ECX,EDX
   304 0000027D 99                              	CDQ
   305 0000027E F7 F9                           	IDIV	ECX
   306 00000280 8B 45 18                        	MOV	EAX,DWORD [24+EBP]
   307 00000283 8D 14 D3                        	LEA	EDX,DWORD [EBX+EDX*8]
   308 00000286 89 04 97                        	MOV	DWORD [EDI+EDX*4],EAX
   309 00000289                                 L57:
   310 00000289 43                              	INC	EBX
   311 0000028A 83 FB 07                        	CMP	EBX,7
   312 0000028D 7E CD                           	JLE	L60
   313 0000028F 31 DB                           	XOR	EBX,EBX
   314 00000291                                 L65:
   315 00000291 BA 00000002                     	MOV	EDX,2
   316 00000296 8B 45 F0                        	MOV	EAX,DWORD [-16+EBP]
   317 00000299 89 D1                           	MOV	ECX,EDX
   318 0000029B 99                              	CDQ
   319 0000029C F7 F9                           	IDIV	ECX
   320 0000029E C1 E2 03                        	SAL	EDX,3
   321 000002A1 8D 0C 13                        	LEA	ECX,DWORD [EBX+EDX*1]
   322 000002A4 29 DA                           	SUB	EDX,EBX
   323 000002A6 43                              	INC	EBX
   324 000002A7 8B 34 8F                        	MOV	ESI,DWORD [EDI+ECX*4]
   325 000002AA 8B 44 97 1C                     	MOV	EAX,DWORD [28+EDI+EDX*4]
   326 000002AE 89 04 8F                        	MOV	DWORD [EDI+ECX*4],EAX
   327 000002B1 83 FB 03                        	CMP	EBX,3
   328 000002B4 89 74 97 1C                     	MOV	DWORD [28+EDI+EDX*4],ESI
   329 000002B8 7E D7                           	JLE	L65
   330 000002BA F7 45 F0 00000001               	TEST	DWORD [-16+EBP],1
   331 000002C1 74 16                           	JE	L53
   332 000002C3 8B 45 14                        	MOV	EAX,DWORD [20+EBP]
   333 000002C6 8B 55 08                        	MOV	EDX,DWORD [8+EBP]
   334 000002C9 03 45 EC                        	ADD	EAX,DWORD [-20+EBP]
   335 000002CC FF 45 EC                        	INC	DWORD [-20+EBP]
   336 000002CF 0F AF 45 0C                     	IMUL	EAX,DWORD [12+EBP]
   337 000002D3 03 45 10                        	ADD	EAX,DWORD [16+EBP]
   338 000002D6 8D 3C 82                        	LEA	EDI,DWORD [EDX+EAX*4]
   339 000002D9                                 L53:
   340 000002D9 FF 45 F0                        	INC	DWORD [-16+EBP]
   341 000002DC 83 7D F0 0F                     	CMP	DWORD [-16+EBP],15
   342 000002E0 0F 8E FFFFFF74                  	JLE	L67
   343 000002E6 83 C4 0C                        	ADD	ESP,12
   344 000002E9 5B                              	POP	EBX
   345 000002EA 5E                              	POP	ESI
   346 000002EB 5F                              	POP	EDI
   347 000002EC 5D                              	POP	EBP
   348 000002ED C3                              	RET
   349 000002EE                                 	GLOBAL	_putfonts8_asc
   350 000002EE                                 _putfonts8_asc:
   351 000002EE 55                              	PUSH	EBP
   352 000002EF 89 E5                           	MOV	EBP,ESP
   353 000002F1 57                              	PUSH	EDI
   354 000002F2 56                              	PUSH	ESI
   355 000002F3 53                              	PUSH	EBX
   356 000002F4 50                              	PUSH	EAX
   357 000002F5 8B 75 10                        	MOV	ESI,DWORD [16+EBP]
   358 000002F8 8B 5D 1C                        	MOV	EBX,DWORD [28+EBP]
   359 000002FB E8 [00000000]                   	CALL	_task_now
   360 00000300 89 C7                           	MOV	EDI,EAX
   361 00000302 A1 00010FE8                     	MOV	EAX,DWORD [69608]
   362 00000307 89 45 F0                        	MOV	DWORD [-16+EBP],EAX
   363 0000030A 80 BF 00000128 00               	CMP	BYTE [296+EDI],0
   364 00000311 75 09                           	JNE	L81
   365 00000313 80 3B 00                        	CMP	BYTE [EBX],0
   366 00000316 0F 85 00000099                  	JNE	L86
   367 0000031C                                 L81:
   368 0000031C 80 BF 00000128 01               	CMP	BYTE [296+EDI],1
   369 00000323 74 08                           	JE	L99
   370 00000325                                 L80:
   371 00000325 8D 65 F4                        	LEA	ESP,DWORD [-12+EBP]
   372 00000328 5B                              	POP	EBX
   373 00000329 5E                              	POP	ESI
   374 0000032A 5F                              	POP	EDI
   375 0000032B 5D                              	POP	EBP
   376 0000032C C3                              	RET
   377 0000032D                                 L99:
   378 0000032D 80 3B 00                        	CMP	BYTE [EBX],0
   379 00000330 74 F3                           	JE	L80
   380 00000332                                 L96:
   381 00000332 8A 87 00000129                  	MOV	AL,BYTE [297+EDI]
   382 00000338 84 C0                           	TEST	AL,AL
   383 0000033A 75 3D                           	JNE	L92
   384 0000033C 8A 13                           	MOV	DL,BYTE [EBX]
   385 0000033E 8D 42 5F                        	LEA	EAX,DWORD [95+EDX]
   386 00000341 3C 5D                           	CMP	AL,93
   387 00000343 77 11                           	JA	L93
   388 00000345 88 97 00000129                  	MOV	BYTE [297+EDI],DL
   389 0000034B                                 L95:
   390 0000034B 43                              	INC	EBX
   391 0000034C 83 C6 08                        	ADD	ESI,8
   392 0000034F 80 3B 00                        	CMP	BYTE [EBX],0
   393 00000352 75 DE                           	JNE	L96
   394 00000354 EB CF                           	JMP	L80
   395 00000356                                 L93:
   396 00000356 0F B6 C2                        	MOVZX	EAX,DL
   397 00000359 C1 E0 04                        	SAL	EAX,4
   398 0000035C 05 [00000000]                   	ADD	EAX,_fonts
   399 00000361 50                              	PUSH	EAX
   400 00000362 FF 75 18                        	PUSH	DWORD [24+EBP]
   401 00000365 FF 75 14                        	PUSH	DWORD [20+EBP]
   402 00000368 56                              	PUSH	ESI
   403 00000369 FF 75 0C                        	PUSH	DWORD [12+EBP]
   404 0000036C FF 75 08                        	PUSH	DWORD [8+EBP]
   405 0000036F E8 FFFFFDA6                     	CALL	_putfont8
   406 00000374 83 C4 18                        	ADD	ESP,24
   407 00000377 EB D2                           	JMP	L95
   408 00000379                                 L92:
   409 00000379 0F B6 C0                        	MOVZX	EAX,AL
   410 0000037C 6B C0 5E                        	IMUL	EAX,EAX,94
   411 0000037F 0F B6 13                        	MOVZX	EDX,BYTE [EBX]
   412 00000382 C6 87 00000129 00               	MOV	BYTE [297+EDI],0
   413 00000389 8D 84 02 FFFFC441               	LEA	EAX,DWORD [-15295+EDX+EAX*1]
   414 00000390 C1 E0 05                        	SAL	EAX,5
   415 00000393 03 45 F0                        	ADD	EAX,DWORD [-16+EBP]
   416 00000396 8D 50 10                        	LEA	EDX,DWORD [16+EAX]
   417 00000399 52                              	PUSH	EDX
   418 0000039A 50                              	PUSH	EAX
   419 0000039B 8D 46 F8                        	LEA	EAX,DWORD [-8+ESI]
   420 0000039E FF 75 18                        	PUSH	DWORD [24+EBP]
   421 000003A1 FF 75 14                        	PUSH	DWORD [20+EBP]
   422 000003A4 50                              	PUSH	EAX
   423 000003A5 FF 75 0C                        	PUSH	DWORD [12+EBP]
   424 000003A8 FF 75 08                        	PUSH	DWORD [8+EBP]
   425 000003AB E8 FFFFFDF0                     	CALL	_putfont32
   426 000003B0 83 C4 1C                        	ADD	ESP,28
   427 000003B3 EB 96                           	JMP	L95
   428 000003B5                                 L86:
   429 000003B5 0F B6 03                        	MOVZX	EAX,BYTE [EBX]
   430 000003B8 C1 E0 04                        	SAL	EAX,4
   431 000003BB 43                              	INC	EBX
   432 000003BC 05 [00000000]                   	ADD	EAX,_fonts
   433 000003C1 50                              	PUSH	EAX
   434 000003C2 FF 75 18                        	PUSH	DWORD [24+EBP]
   435 000003C5 FF 75 14                        	PUSH	DWORD [20+EBP]
   436 000003C8 56                              	PUSH	ESI
   437 000003C9 83 C6 08                        	ADD	ESI,8
   438 000003CC FF 75 0C                        	PUSH	DWORD [12+EBP]
   439 000003CF FF 75 08                        	PUSH	DWORD [8+EBP]
   440 000003D2 E8 FFFFFD43                     	CALL	_putfont8
   441 000003D7 83 C4 18                        	ADD	ESP,24
   442 000003DA 80 3B 00                        	CMP	BYTE [EBX],0
   443 000003DD 75 D6                           	JNE	L86
   444 000003DF E9 FFFFFF38                     	JMP	L81
   445                                          [SECTION .data]
   446 00000059                                 _cursor.0:
   447 00000059 2A 2E 2E 2E 2E 2E 2E 2E 2E 2E   	DB	"*..............."
       00000063 2E 2E 2E 2E 2E 2E 
   448 00000069 2A 2A 2E 2E 2E 2E 2E 2E 2E 2E   	DB	"**.............."
       00000073 2E 2E 2E 2E 2E 2E 
   449 00000079 2A 4F 2A 2E 2E 2E 2E 2E 2E 2E   	DB	"*O*............."
       00000083 2E 2E 2E 2E 2E 2E 
   450 00000089 2A 4F 4F 2A 2E 2E 2E 2E 2E 2E   	DB	"*OO*............"
       00000093 2E 2E 2E 2E 2E 2E 
   451 00000099 2A 4F 4F 4F 2A 2E 2E 2E 2E 2E   	DB	"*OOO*..........."
       000000A3 2E 2E 2E 2E 2E 2E 
   452 000000A9 2A 4F 4F 4F 4F 2A 2E 2E 2E 2E   	DB	"*OOOO*.........."
       000000B3 2E 2E 2E 2E 2E 2E 
   453 000000B9 2A 4F 4F 4F 4F 4F 2A 2E 2E 2E   	DB	"*OOOOO*........."
       000000C3 2E 2E 2E 2E 2E 2E 
   454 000000C9 2A 4F 4F 4F 4F 4F 4F 2A 2E 2E   	DB	"*OOOOOO*........"
       000000D3 2E 2E 2E 2E 2E 2E 
   455 000000D9 2A 4F 4F 4F 4F 4F 4F 4F 2A 2E   	DB	"*OOOOOOO*......."
       000000E3 2E 2E 2E 2E 2E 2E 
   456 000000E9 2A 4F 4F 4F 4F 2A 2A 2A 2A 2A   	DB	"*OOOO*****......"
       000000F3 2E 2E 2E 2E 2E 2E 
   457 000000F9 2A 4F 4F 2A 4F 2A 2E 2E 2E 2E   	DB	"*OO*O*.........."
       00000103 2E 2E 2E 2E 2E 2E 
   458 00000109 2A 4F 2A 2E 2A 4F 2A 2E 2E 2E   	DB	"*O*.*O*........."
       00000113 2E 2E 2E 2E 2E 2E 
   459 00000119 2A 2A 2E 2E 2A 4F 2A 2E 2E 2E   	DB	"**..*O*........."
       00000123 2E 2E 2E 2E 2E 2E 
   460 00000129 2A 2E 2E 2E 2E 2A 4F 2A 2E 2E   	DB	"*....*O*........"
       00000133 2E 2E 2E 2E 2E 2E 
   461 00000139 2E 2E 2E 2E 2E 2A 4F 2A 2E 2E   	DB	".....*O*........"
       00000143 2E 2E 2E 2E 2E 2E 
   462 00000149 2E 2E 2E 2E 2E 2E 2A 2E 2E 2E   	DB	"......*........."
       00000153 2E 2E 2E 2E 2E 2E 
   463                                          [SECTION .text]
   464 000003E4                                 	GLOBAL	_init_mouse_cursor8
   465 000003E4                                 _init_mouse_cursor8:
   466 000003E4 55                              	PUSH	EBP
   467 000003E5 31 C9                           	XOR	ECX,ECX
   468 000003E7 89 E5                           	MOV	EBP,ESP
   469 000003E9 57                              	PUSH	EDI
   470 000003EA 56                              	PUSH	ESI
   471 000003EB 53                              	PUSH	EBX
   472 000003EC 8B 7D 0C                        	MOV	EDI,DWORD [12+EBP]
   473 000003EF 8B 75 08                        	MOV	ESI,DWORD [8+EBP]
   474 000003F2 31 DB                           	XOR	EBX,EBX
   475 000003F4                                 L113:
   476 000003F4 31 D2                           	XOR	EDX,EDX
   477 000003F6                                 L112:
   478 000003F6 8D 04 0A                        	LEA	EAX,DWORD [EDX+ECX*1]
   479 000003F9 80 B8 [00000059] 2A             	CMP	BYTE [_cursor.0+EAX],42
   480 00000400 74 34                           	JE	L118
   481 00000402                                 L109:
   482 00000402 80 B8 [00000059] 4F             	CMP	BYTE [_cursor.0+EAX],79
   483 00000409 74 22                           	JE	L119
   484 0000040B                                 L110:
   485 0000040B 80 B8 [00000059] 2E             	CMP	BYTE [_cursor.0+EAX],46
   486 00000412 74 14                           	JE	L120
   487 00000414                                 L107:
   488 00000414 42                              	INC	EDX
   489 00000415 83 FA 0F                        	CMP	EDX,15
   490 00000418 7E DC                           	JLE	L112
   491 0000041A 43                              	INC	EBX
   492 0000041B 83 C1 10                        	ADD	ECX,16
   493 0000041E 83 FB 0F                        	CMP	EBX,15
   494 00000421 7E D1                           	JLE	L113
   495 00000423 5B                              	POP	EBX
   496 00000424 5E                              	POP	ESI
   497 00000425 5F                              	POP	EDI
   498 00000426 5D                              	POP	EBP
   499 00000427 C3                              	RET
   500 00000428                                 L120:
   501 00000428 89 3C 86                        	MOV	DWORD [ESI+EAX*4],EDI
   502 0000042B EB E7                           	JMP	L107
   503 0000042D                                 L119:
   504 0000042D C7 04 86 00FFFFFF               	MOV	DWORD [ESI+EAX*4],16777215
   505 00000434 EB D5                           	JMP	L110
   506 00000436                                 L118:
   507 00000436 C7 04 86 00000000               	MOV	DWORD [ESI+EAX*4],0
   508 0000043D EB C3                           	JMP	L109
   509 0000043F                                 	GLOBAL	_putblock8_8
   510 0000043F                                 _putblock8_8:
   511 0000043F 55                              	PUSH	EBP
   512 00000440 89 E5                           	MOV	EBP,ESP
   513 00000442 57                              	PUSH	EDI
   514 00000443 56                              	PUSH	ESI
   515 00000444 31 F6                           	XOR	ESI,ESI
   516 00000446 53                              	PUSH	EBX
   517 00000447 83 EC 0C                        	SUB	ESP,12
   518 0000044A 3B 75 14                        	CMP	ESI,DWORD [20+EBP]
   519 0000044D 7D 40                           	JGE	L133
   520 0000044F 31 FF                           	XOR	EDI,EDI
   521 00000451                                 L131:
   522 00000451 31 DB                           	XOR	EBX,EBX
   523 00000453 3B 5D 10                        	CMP	EBX,DWORD [16+EBP]
   524 00000456 7D 2E                           	JGE	L135
   525 00000458 8B 45 20                        	MOV	EAX,DWORD [32+EBP]
   526 0000045B 8D 04 B8                        	LEA	EAX,DWORD [EAX+EDI*4]
   527 0000045E 89 45 EC                        	MOV	DWORD [-20+EBP],EAX
   528 00000461                                 L130:
   529 00000461 8B 45 1C                        	MOV	EAX,DWORD [28+EBP]
   530 00000464 8B 55 18                        	MOV	EDX,DWORD [24+EBP]
   531 00000467 01 F0                           	ADD	EAX,ESI
   532 00000469 01 DA                           	ADD	EDX,EBX
   533 0000046B 0F AF 45 0C                     	IMUL	EAX,DWORD [12+EBP]
   534 0000046F 01 D0                           	ADD	EAX,EDX
   535 00000471 8B 4D 08                        	MOV	ECX,DWORD [8+EBP]
   536 00000474 8B 55 EC                        	MOV	EDX,DWORD [-20+EBP]
   537 00000477 43                              	INC	EBX
   538 00000478 83 45 EC 04                     	ADD	DWORD [-20+EBP],4
   539 0000047C 8B 12                           	MOV	EDX,DWORD [EDX]
   540 0000047E 89 14 81                        	MOV	DWORD [ECX+EAX*4],EDX
   541 00000481 3B 5D 10                        	CMP	EBX,DWORD [16+EBP]
   542 00000484 7C DB                           	JL	L130
   543 00000486                                 L135:
   544 00000486 46                              	INC	ESI
   545 00000487 03 7D 24                        	ADD	EDI,DWORD [36+EBP]
   546 0000048A 3B 75 14                        	CMP	ESI,DWORD [20+EBP]
   547 0000048D 7C C2                           	JL	L131
   548 0000048F                                 L133:
   549 0000048F 83 C4 0C                        	ADD	ESP,12
   550 00000492 5B                              	POP	EBX
   551 00000493 5E                              	POP	ESI
   552 00000494 5F                              	POP	EDI
   553 00000495 5D                              	POP	EBP
   554 00000496 C3                              	RET
   555 00000497                                 	GLOBAL	_read_image_32
   556 00000497                                 _read_image_32:
   557 00000497 55                              	PUSH	EBP
   558 00000498 89 E5                           	MOV	EBP,ESP
   559 0000049A 57                              	PUSH	EDI
   560 0000049B 56                              	PUSH	ESI
   561 0000049C 53                              	PUSH	EBX
   562 0000049D 83 EC 30                        	SUB	ESP,48
   563 000004A0 68 000000E0                     	PUSH	224
   564 000004A5 68 00102600                     	PUSH	1058304
   565 000004AA FF 75 08                        	PUSH	DWORD [8+EBP]
   566 000004AD E8 [00000000]                   	CALL	_file_search
   567 000004B2 83 C4 0C                        	ADD	ESP,12
   568 000004B5 89 C3                           	MOV	EBX,EAX
   569 000004B7 83 C8 FF                        	OR	EAX,-1
   570 000004BA 85 DB                           	TEST	EBX,EBX
   571 000004BC 0F 84 00000127                  	JE	L136
   572 000004C2 8B 43 1C                        	MOV	EAX,DWORD [28+EBX]
   573 000004C5 50                              	PUSH	EAX
   574 000004C6 89 45 E0                        	MOV	DWORD [-32+EBP],EAX
   575 000004C9 68 003C0000                     	PUSH	3932160
   576 000004CE E8 [00000000]                   	CALL	_memman_alloc_4k
   577 000004D3 8D 45 E0                        	LEA	EAX,DWORD [-32+EBP]
   578 000004D6 FF 75 18                        	PUSH	DWORD [24+EBP]
   579 000004D9 50                              	PUSH	EAX
   580 000004DA 0F B7 43 1A                     	MOVZX	EAX,WORD [26+EBX]
   581 000004DE 50                              	PUSH	EAX
   582 000004DF E8 [00000000]                   	CALL	_file_loadfile2
   583 000004E4 68 00010000                     	PUSH	65536
   584 000004E9 68 003C0000                     	PUSH	3932160
   585 000004EE 89 45 D8                        	MOV	DWORD [-40+EBP],EAX
   586 000004F1 E8 [00000000]                   	CALL	_memman_alloc_4k
   587 000004F6 FF 75 D8                        	PUSH	DWORD [-40+EBP]
   588 000004F9 FF 75 E0                        	PUSH	DWORD [-32+EBP]
   589 000004FC 89 45 D0                        	MOV	DWORD [-48+EBP],EAX
   590 000004FF 8D 45 E4                        	LEA	EAX,DWORD [-28+EBP]
   591 00000502 50                              	PUSH	EAX
   592 00000503 FF 75 D0                        	PUSH	DWORD [-48+EBP]
   593 00000506 E8 [00000000]                   	CALL	_info_JPEG
   594 0000050B 8B 45 F0                        	MOV	EAX,DWORD [-16+EBP]
   595 0000050E 0F AF 45 EC                     	IMUL	EAX,DWORD [-20+EBP]
   596 00000512 C1 E0 04                        	SAL	EAX,4
   597 00000515 83 C4 2C                        	ADD	ESP,44
   598 00000518 50                              	PUSH	EAX
   599 00000519 68 003C0000                     	PUSH	3932160
   600 0000051E E8 [00000000]                   	CALL	_memman_alloc_4k
   601 00000523 6A 00                           	PUSH	0
   602 00000525 50                              	PUSH	EAX
   603 00000526 89 45 D4                        	MOV	DWORD [-44+EBP],EAX
   604 00000529 6A 04                           	PUSH	4
   605 0000052B FF 75 D8                        	PUSH	DWORD [-40+EBP]
   606 0000052E FF 75 E0                        	PUSH	DWORD [-32+EBP]
   607 00000531 FF 75 D0                        	PUSH	DWORD [-48+EBP]
   608 00000534 E8 [00000000]                   	CALL	_decode0_JPEG
   609 00000539 8B 45 F0                        	MOV	EAX,DWORD [-16+EBP]
   610 0000053C C7 45 DC 00000000               	MOV	DWORD [-36+EBP],0
   611 00000543 83 C4 20                        	ADD	ESP,32
   612 00000546 89 45 CC                        	MOV	DWORD [-52+EBP],EAX
   613 00000549 39 45 DC                        	CMP	DWORD [-36+EBP],EAX
   614 0000054C 7D 5F                           	JGE	L149
   615 0000054E 8B 55 EC                        	MOV	EDX,DWORD [-20+EBP]
   616 00000551 89 55 C8                        	MOV	DWORD [-56+EBP],EDX
   617 00000554                                 L147:
   618 00000554 31 FF                           	XOR	EDI,EDI
   619 00000556 8B 75 C8                        	MOV	ESI,DWORD [-56+EBP]
   620 00000559 39 F7                           	CMP	EDI,ESI
   621 0000055B 7D 45                           	JGE	L151
   622 0000055D                                 L146:
   623 0000055D 8B 5D 10                        	MOV	EBX,DWORD [16+EBP]
   624 00000560 8B 55 DC                        	MOV	EDX,DWORD [-36+EBP]
   625 00000563 03 5D DC                        	ADD	EBX,DWORD [-36+EBP]
   626 00000566 8B 45 0C                        	MOV	EAX,DWORD [12+EBP]
   627 00000569 0F AF D6                        	IMUL	EDX,ESI
   628 0000056C 0F AF 5D 14                     	IMUL	EBX,DWORD [20+EBP]
   629 00000570 01 F8                           	ADD	EAX,EDI
   630 00000572 01 FA                           	ADD	EDX,EDI
   631 00000574 01 C3                           	ADD	EBX,EAX
   632 00000576 47                              	INC	EDI
   633 00000577 89 5D C4                        	MOV	DWORD [-60+EBP],EBX
   634 0000057A 8B 5D D4                        	MOV	EBX,DWORD [-44+EBP]
   635 0000057D 0F B6 44 93 01                  	MOVZX	EAX,BYTE [1+EBX+EDX*4]
   636 00000582 0F B6 0C 93                     	MOVZX	ECX,BYTE [EBX+EDX*4]
   637 00000586 C1 E0 08                        	SAL	EAX,8
   638 00000589 09 C1                           	OR	ECX,EAX
   639 0000058B 0F B6 44 93 02                  	MOVZX	EAX,BYTE [2+EBX+EDX*4]
   640 00000590 C1 E0 10                        	SAL	EAX,16
   641 00000593 8B 55 1C                        	MOV	EDX,DWORD [28+EBP]
   642 00000596 09 C1                           	OR	ECX,EAX
   643 00000598 39 F7                           	CMP	EDI,ESI
   644 0000059A 8B 45 C4                        	MOV	EAX,DWORD [-60+EBP]
   645 0000059D 89 0C 82                        	MOV	DWORD [EDX+EAX*4],ECX
   646 000005A0 7C BB                           	JL	L146
   647 000005A2                                 L151:
   648 000005A2 8B 5D CC                        	MOV	EBX,DWORD [-52+EBP]
   649 000005A5 FF 45 DC                        	INC	DWORD [-36+EBP]
   650 000005A8 39 5D DC                        	CMP	DWORD [-36+EBP],EBX
   651 000005AB 7C A7                           	JL	L147
   652 000005AD                                 L149:
   653 000005AD FF 75 E0                        	PUSH	DWORD [-32+EBP]
   654 000005B0 FF 75 D8                        	PUSH	DWORD [-40+EBP]
   655 000005B3 68 003C0000                     	PUSH	3932160
   656 000005B8 E8 [00000000]                   	CALL	_memman_free_4k
   657 000005BD 8B 45 F0                        	MOV	EAX,DWORD [-16+EBP]
   658 000005C0 0F AF 45 EC                     	IMUL	EAX,DWORD [-20+EBP]
   659 000005C4 C1 E0 04                        	SAL	EAX,4
   660 000005C7 50                              	PUSH	EAX
   661 000005C8 FF 75 D4                        	PUSH	DWORD [-44+EBP]
   662 000005CB 68 003C0000                     	PUSH	3932160
   663 000005D0 E8 [00000000]                   	CALL	_memman_free_4k
   664 000005D5 68 00010000                     	PUSH	65536
   665 000005DA FF 75 D0                        	PUSH	DWORD [-48+EBP]
   666 000005DD 68 003C0000                     	PUSH	3932160
   667 000005E2 E8 [00000000]                   	CALL	_memman_free_4k
   668 000005E7 31 C0                           	XOR	EAX,EAX
   669 000005E9                                 L136:
   670 000005E9 8D 65 F4                        	LEA	ESP,DWORD [-12+EBP]
   671 000005EC 5B                              	POP	EBX
   672 000005ED 5E                              	POP	ESI
   673 000005EE 5F                              	POP	EDI
   674 000005EF 5D                              	POP	EBP
   675 000005F0 C3                              	RET
