     1 00000000                                 [FORMAT "WCOFF"]
     2 00000000                                 [INSTRSET "i486p"]
     3 00000000                                 [OPTIMIZE 1]
     4 00000000                                 [OPTION 1]
     5 00000000                                 [BITS 32]
     6 00000000                                 	EXTERN	_task_now
     7 00000000                                 	EXTERN	_cons_newline
     8 00000000                                 	EXTERN	_cons_putstr0
     9 00000000                                 [FILE "cmd_langmode.c"]
    10                                          [SECTION .data]
    11 00000000                                 LC1:
    12 00000000 C7 D0 BB BB B5 BD D6 D0 CE C4   	DB	0xC7,0xD0,0xBB,0xBB,0xB5,0xBD,0xD6,0xD0,0xCE,0xC4,0xC4,0xA3,0xCA,0xBD,0x0A,0x00
       0000000A C4 A3 CA BD 0A 00 
    13 00000010                                 LC0:
    14 00000010 53 77 69 74 63 68 20 74 6F 20   	DB	"Switch to English ASCII mode",0x0A,0x00
       0000001A 45 6E 67 6C 69 73 68 20 41 53 
       00000024 43 49 49 20 6D 6F 64 65 0A 00 
    15 0000002E                                 LC2:
    16 0000002E 6D 6F 64 65 20 6E 75 6D 62 65   	DB	"mode number error.",0x0A,0x00
       00000038 72 20 65 72 72 6F 72 2E 0A 00 
    17                                          [SECTION .text]
    18 00000000                                 	GLOBAL	_cmd_langmode
    19 00000000                                 _cmd_langmode:
    20 00000000 55                              	PUSH	EBP
    21 00000001 89 E5                           	MOV	EBP,ESP
    22 00000003 56                              	PUSH	ESI
    23 00000004 53                              	PUSH	EBX
    24 00000005 8B 5D 0C                        	MOV	EBX,DWORD [12+EBP]
    25 00000008 8B 75 08                        	MOV	ESI,DWORD [8+EBP]
    26 0000000B E8 [00000000]                   	CALL	_task_now
    27 00000010 8A 53 09                        	MOV	DL,BYTE [9+EBX]
    28 00000013 83 EA 30                        	SUB	EDX,48
    29 00000016 80 FA 01                        	CMP	DL,1
    30 00000019 77 3A                           	JA	L2
    31 0000001B 84 D2                           	TEST	DL,DL
    32 0000001D 74 28                           	JE	L8
    33 0000001F FE CA                           	DEC	DL
    34 00000021 74 0E                           	JE	L9
    35 00000023                                 L6:
    36 00000023 89 75 08                        	MOV	DWORD [8+EBP],ESI
    37 00000026 8D 65 F8                        	LEA	ESP,DWORD [-8+EBP]
    38 00000029 5B                              	POP	EBX
    39 0000002A 5E                              	POP	ESI
    40 0000002B 5D                              	POP	EBP
    41 0000002C E9 [00000000]                   	JMP	_cons_newline
    42 00000031                                 L9:
    43 00000031 C6 80 00000128 01               	MOV	BYTE [296+EAX],1
    44 00000038 68 [00000000]                   	PUSH	LC1
    45 0000003D                                 L7:
    46 0000003D 56                              	PUSH	ESI
    47 0000003E E8 [00000000]                   	CALL	_cons_putstr0
    48 00000043 58                              	POP	EAX
    49 00000044 5A                              	POP	EDX
    50 00000045 EB DC                           	JMP	L6
    51 00000047                                 L8:
    52 00000047 C6 80 00000128 00               	MOV	BYTE [296+EAX],0
    53 0000004E 68 [00000010]                   	PUSH	LC0
    54 00000053 EB E8                           	JMP	L7
    55 00000055                                 L2:
    56 00000055 68 [0000002E]                   	PUSH	LC2
    57 0000005A EB E1                           	JMP	L7
